License checkout failed.
License Manager Error -15
MATLAB is unable to connect to the license server. 
Check that the license manager has been started, and that the MATLAB client machine can communicate
with the license server.

Troubleshoot this issue by visiting: 
http://www.mathworks.com/support/lme/R2017a/15

Diagnostic Information:
Feature: MATLAB 
License path: /home/lubu8198/.matlab/R2017a_licenses:/usr/local/MATLAB/R2017a/licenses/license.dat:/usr/local/MATL
AB/R2017a/licenses/license.lic 
Licensing error: -15,570. System Error: 115

                            < M A T L A B (R) >
                  Copyright 1984-2017 The MathWorks, Inc.
                   R2017a (9.2.0.538062) 64-bit (glnxa64)
                             February 23, 2017

 
To get started, type one of these: helpwin, helpdesk, or demo.
For product information, visit www.mathworks.com.
 
>> >> >> >> >> >> >> >> 
                            < M A T L A B (R) >
                  Copyright 1984-2017 The MathWorks, Inc.
                   R2017a (9.2.0.538062) 64-bit (glnxa64)
                             February 23, 2017

 
To get started, type one of these: helpwin, helpdesk, or demo.
For product information, visit www.mathworks.com.
 
>> >> >> >> >> >> >> >> >> >> >> >> >> >> >> >> >> >> >> >> >> >> >> >> >> >> >> >> >> >> >> >> >> >> >> >> >> >> >> >> >> >> >> >> >> >> >> >> >> >> >> >> >> >> >> >> >> >> >> >> >> >> >> >> >> >> >> >> >> >> >> >> >> >> >> >> >> >> >> >> >> >> >> >> >> >> >> >> >> >> >> >> >> >> >> >> >> >> >> >> >> >> >> >> >> >> >> >> >> >> >> >> >> >> >> >> >> >> >> >> >> >> >> >> >> >> >> >> >> >> >> >> >> >> >> >> >> >> >> >> >> >> >> >> >> >> >> >> >> >> >> >> >> >> >> >> >> >> >> >> >> >> >> >> >> >> >> >> >> >> >> >> >> >> >> >> >> >> >> >> >> >> >> >> >> >> >> >> >> >> >> >> >> >> >> >> >> >> >> >> >> >> >> >> >> >> >> >> >> >> >> >> >> >> >> Starting parallel pool (parpool) using the 'local' profile ...
connected to 12 workers.
0.5 Minutes Ellapsed
0.5 Minutes Ellapsed
0.5 Minutes Ellapsed
0.5 Minutes Ellapsed
0.5 Minutes Ellapsed
0.5 Minutes Ellapsed
0.5 Minutes Ellapsed
0.5 Minutes Ellapsed
0.5 Minutes Ellapsed
0.5 Minutes Ellapsed
0.6 Minutes Ellapsed
0.6 Minutes Ellapsed
0.6 Minutes Ellapsed
0.5 Minutes Ellapsed
0.5 Minutes Ellapsed
0.6 Minutes Ellapsed
0.6 Minutes Ellapsed
0.6 Minutes Ellapsed
0.6 Minutes Ellapsed
0.6 Minutes Ellapsed
0.6 Minutes Ellapsed
0.6 Minutes Ellapsed
0.6 Minutes Ellapsed
0.6 Minutes Ellapsed
0.6 Minutes Ellapsed
0.6 Minutes Ellapsed
0.6 Minutes Ellapsed
0.6 Minutes Ellapsed
0.6 Minutes Ellapsed
0.6 Minutes Ellapsed
0.6 Minutes Ellapsed
0.6 Minutes Ellapsed
0.6 Minutes Ellapsed
0.6 Minutes Ellapsed
0.6 Minutes Ellapsed
0.6 Minutes Ellapsed
0.6 Minutes Ellapsed
0.6 Minutes Ellapsed
0.6 Minutes Ellapsed
0.6 Minutes Ellapsed
0.6 Minutes Ellapsed
0.6 Minutes Ellapsed
0.6 Minutes Ellapsed
0.6 Minutes Ellapsed
0.6 Minutes Ellapsed
0.6 Minutes Ellapsed
0.6 Minutes Ellapsed
0.6 Minutes Ellapsed
0.6 Minutes Ellapsed
0.6 Minutes Ellapsed
0.6 Minutes Ellapsed
0.6 Minutes Ellapsed
0.6 Minutes Ellapsed
0.6 Minutes Ellapsed
0.6 Minutes Ellapsed
0.6 Minutes Ellapsed
0.6 Minutes Ellapsed
0.6 Minutes Ellapsed
0.6 Minutes Ellapsed
0.6 Minutes Ellapsed
0.6 Minutes Ellapsed
0.6 Minutes Ellapsed
0.6 Minutes Ellapsed
0.6 Minutes Ellapsed
0.6 Minutes Ellapsed
0.6 Minutes Ellapsed
0.6 Minutes Ellapsed
0.6 Minutes Ellapsed
0.6 Minutes Ellapsed
0.6 Minutes Ellapsed
0.6 Minutes Ellapsed
0.6 Minutes Ellapsed
0.6 Minutes Ellapsed
0.6 Minutes Ellapsed
0.6 Minutes Ellapsed
0.6 Minutes Ellapsed
0.6 Minutes Ellapsed
0.6 Minutes Ellapsed
0.6 Minutes Ellapsed
0.6 Minutes Ellapsed
0.6 Minutes Ellapsed
0.6 Minutes Ellapsed
0.6 Minutes Ellapsed
0.6 Minutes Ellapsed
0.6 Minutes Ellapsed
0.6 Minutes Ellapsed
0.6 Minutes Ellapsed
0.6 Minutes Ellapsed
0.6 Minutes Ellapsed
0.6 Minutes Ellapsed
0.6 Minutes Ellapsed
0.6 Minutes Ellapsed
0.6 Minutes Ellapsed
0.6 Minutes Ellapsed
0.6 Minutes Ellapsed
0.6 Minutes Ellapsed
0.6 Minutes Ellapsed
0.6 Minutes Ellapsed
0.6 Minutes Ellapsed
0.6 Minutes Ellapsed
0.6 Minutes Ellapsed
0.6 Minutes Ellapsed
0.6 Minutes Ellapsed
0.6 Minutes Ellapsed
0.6 Minutes Ellapsed
0.6 Minutes Ellapsed
0.6 Minutes Ellapsed
0.6 Minutes Ellapsed
0.6 Minutes Ellapsed
0.6 Minutes Ellapsed
0.6 Minutes Ellapsed
0.6 Minutes Ellapsed
0.6 Minutes Ellapsed
0.7 Minutes Ellapsed
0.6 Minutes Ellapsed
0.7 Minutes Ellapsed
0.6 Minutes Ellapsed
0.6 Minutes Ellapsed
0.6 Minutes Ellapsed
0.7 Minutes Ellapsed
0.6 Minutes Ellapsed
0.7 Minutes Ellapsed
0.6 Minutes Ellapsed
0.6 Minutes Ellapsed
0.6 Minutes Ellapsed
0.6 Minutes Ellapsed
0.6 Minutes Ellapsed
0.6 Minutes Ellapsed
0.6 Minutes Ellapsed
0.6 Minutes Ellapsed
0.6 Minutes Ellapsed
0.6 Minutes Ellapsed
0.6 Minutes Ellapsed
0.6 Minutes Ellapsed
0.7 Minutes Ellapsed
0.7 Minutes Ellapsed
0.7 Minutes Ellapsed
0.7 Minutes Ellapsed
0.7 Minutes Ellapsed
0.7 Minutes Ellapsed
0.7 Minutes Ellapsed
0.6 Minutes Ellapsed
0.7 Minutes Ellapsed
0.7 Minutes Ellapsed
0.7 Minutes Ellapsed
0.7 Minutes Ellapsed
0.7 Minutes Ellapsed
0.7 Minutes Ellapsed
0.6 Minutes Ellapsed
0.7 Minutes Ellapsed
0.7 Minutes Ellapsed
0.7 Minutes Ellapsed
0.7 Minutes Ellapsed
0.7 Minutes Ellapsed
0.7 Minutes Ellapsed
0.7 Minutes Ellapsed
0.7 Minutes Ellapsed
0.7 Minutes Ellapsed
0.7 Minutes Ellapsed
0.7 Minutes Ellapsed
0.7 Minutes Ellapsed
0.7 Minutes Ellapsed
0.7 Minutes Ellapsed
0.7 Minutes Ellapsed
0.7 Minutes Ellapsed
0.7 Minutes Ellapsed
0.7 Minutes Ellapsed
0.7 Minutes Ellapsed
0.7 Minutes Ellapsed
0.7 Minutes Ellapsed
0.7 Minutes Ellapsed
0.7 Minutes Ellapsed
0.7 Minutes Ellapsed
0.7 Minutes Ellapsed
0.7 Minutes Ellapsed
0.7 Minutes Ellapsed
0.7 Minutes Ellapsed
0.7 Minutes Ellapsed
0.7 Minutes Ellapsed
0.7 Minutes Ellapsed
0.7 Minutes Ellapsed
0.7 Minutes Ellapsed
0.7 Minutes Ellapsed
0.7 Minutes Ellapsed
0.7 Minutes Ellapsed
0.7 Minutes Ellapsed
0.7 Minutes Ellapsed
0.7 Minutes Ellapsed
0.7 Minutes Ellapsed
0.7 Minutes Ellapsed
0.7 Minutes Ellapsed
0.7 Minutes Ellapsed
0.7 Minutes Ellapsed
0.7 Minutes Ellapsed
0.7 Minutes Ellapsed
0.7 Minutes Ellapsed
0.7 Minutes Ellapsed
0.7 Minutes Ellapsed
0.7 Minutes Ellapsed
0.7 Minutes Ellapsed
0.7 Minutes Ellapsed
0.7 Minutes Ellapsed
0.7 Minutes Ellapsed
0.7 Minutes Ellapsed
0.7 Minutes Ellapsed
0.7 Minutes Ellapsed
0.7 Minutes Ellapsed
0.7 Minutes Ellapsed
0.7 Minutes Ellapsed
0.7 Minutes Ellapsed
0.7 Minutes Ellapsed
0.7 Minutes Ellapsed
0.7 Minutes Ellapsed
0.7 Minutes Ellapsed
0.7 Minutes Ellapsed
0.7 Minutes Ellapsed
0.7 Minutes Ellapsed
0.7 Minutes Ellapsed
0.7 Minutes Ellapsed
0.7 Minutes Ellapsed
0.7 Minutes Ellapsed
0.7 Minutes Ellapsed
0.7 Minutes Ellapsed
0.7 Minutes Ellapsed
0.7 Minutes Ellapsed
0.7 Minutes Ellapsed
0.7 Minutes Ellapsed
0.7 Minutes Ellapsed
0.7 Minutes Ellapsed
0.7 Minutes Ellapsed
0.7 Minutes Ellapsed
0.7 Minutes Ellapsed
0.7 Minutes Ellapsed
0.7 Minutes Ellapsed
0.7 Minutes Ellapsed
0.7 Minutes Ellapsed
0.7 Minutes Ellapsed
0.7 Minutes Ellapsed
0.7 Minutes Ellapsed
0.7 Minutes Ellapsed
0.7 Minutes Ellapsed
0.7 Minutes Ellapsed
0.7 Minutes Ellapsed
0.7 Minutes Ellapsed
0.7 Minutes Ellapsed
0.7 Minutes Ellapsed
0.7 Minutes Ellapsed
0.7 Minutes Ellapsed
0.7 Minutes Ellapsed
0.7 Minutes Ellapsed
0.7 Minutes Ellapsed
0.7 Minutes Ellapsed
0.7 Minutes Ellapsed
0.7 Minutes Ellapsed
0.7 Minutes Ellapsed
0.7 Minutes Ellapsed
0.7 Minutes Ellapsed
0.7 Minutes Ellapsed
0.7 Minutes Ellapsed
0.7 Minutes Ellapsed
0.8 Minutes Ellapsed
0.7 Minutes Ellapsed
0.7 Minutes Ellapsed
0.7 Minutes Ellapsed
0.7 Minutes Ellapsed
0.7 Minutes Ellapsed
0.8 Minutes Ellapsed
0.7 Minutes Ellapsed
0.8 Minutes Ellapsed
0.7 Minutes Ellapsed
0.8 Minutes Ellapsed
0.7 Minutes Ellapsed
0.8 Minutes Ellapsed
0.7 Minutes Ellapsed
0.8 Minutes Ellapsed
0.8 Minutes Ellapsed
0.8 Minutes Ellapsed
0.8 Minutes Ellapsed
0.8 Minutes Ellapsed
0.8 Minutes Ellapsed
0.8 Minutes Ellapsed
0.8 Minutes Ellapsed
0.8 Minutes Ellapsed
0.8 Minutes Ellapsed
0.8 Minutes Ellapsed
0.8 Minutes Ellapsed
0.8 Minutes Ellapsed
0.8 Minutes Ellapsed
0.8 Minutes Ellapsed
0.8 Minutes Ellapsed
0.8 Minutes Ellapsed
0.8 Minutes Ellapsed
0.8 Minutes Ellapsed
0.8 Minutes Ellapsed
0.8 Minutes Ellapsed
0.8 Minutes Ellapsed
0.8 Minutes Ellapsed
0.8 Minutes Ellapsed
0.8 Minutes Ellapsed
0.8 Minutes Ellapsed
0.8 Minutes Ellapsed
0.8 Minutes Ellapsed
0.8 Minutes Ellapsed
0.8 Minutes Ellapsed
0.8 Minutes Ellapsed
0.8 Minutes Ellapsed
0.8 Minutes Ellapsed
0.8 Minutes Ellapsed
0.8 Minutes Ellapsed
0.8 Minutes Ellapsed
0.8 Minutes Ellapsed
0.8 Minutes Ellapsed
0.8 Minutes Ellapsed
0.8 Minutes Ellapsed
0.8 Minutes Ellapsed
0.8 Minutes Ellapsed
0.8 Minutes Ellapsed
0.8 Minutes Ellapsed
0.8 Minutes Ellapsed
0.8 Minutes Ellapsed
0.8 Minutes Ellapsed
0.8 Minutes Ellapsed
0.8 Minutes Ellapsed
0.8 Minutes Ellapsed
0.8 Minutes Ellapsed
0.8 Minutes Ellapsed
0.8 Minutes Ellapsed
0.8 Minutes Ellapsed
0.8 Minutes Ellapsed
0.8 Minutes Ellapsed
0.8 Minutes Ellapsed
0.8 Minutes Ellapsed
0.8 Minutes Ellapsed
0.8 Minutes Ellapsed
0.8 Minutes Ellapsed
0.8 Minutes Ellapsed
0.8 Minutes Ellapsed
0.8 Minutes Ellapsed
0.8 Minutes Ellapsed
0.8 Minutes Ellapsed
0.8 Minutes Ellapsed
0.8 Minutes Ellapsed
0.8 Minutes Ellapsed
0.8 Minutes Ellapsed
0.8 Minutes Ellapsed
0.8 Minutes Ellapsed
0.8 Minutes Ellapsed
0.8 Minutes Ellapsed
0.8 Minutes Ellapsed
0.8 Minutes Ellapsed
0.8 Minutes Ellapsed
0.8 Minutes Ellapsed
0.8 Minutes Ellapsed
0.8 Minutes Ellapsed
0.8 Minutes Ellapsed
0.8 Minutes Ellapsed
0.8 Minutes Ellapsed
0.8 Minutes Ellapsed
0.8 Minutes Ellapsed
0.8 Minutes Ellapsed
0.8 Minutes Ellapsed
0.8 Minutes Ellapsed
0.8 Minutes Ellapsed
0.8 Minutes Ellapsed
0.8 Minutes Ellapsed
0.8 Minutes Ellapsed
0.8 Minutes Ellapsed
0.8 Minutes Ellapsed
0.8 Minutes Ellapsed
0.8 Minutes Ellapsed
0.8 Minutes Ellapsed
0.8 Minutes Ellapsed
0.8 Minutes Ellapsed
0.8 Minutes Ellapsed
0.8 Minutes Ellapsed
0.8 Minutes Ellapsed
0.8 Minutes Ellapsed
0.8 Minutes Ellapsed
0.8 Minutes Ellapsed
0.8 Minutes Ellapsed
0.8 Minutes Ellapsed
0.8 Minutes Ellapsed
0.9 Minutes Ellapsed
0.8 Minutes Ellapsed
0.8 Minutes Ellapsed
0.9 Minutes Ellapsed
0.8 Minutes Ellapsed
0.9 Minutes Ellapsed
0.8 Minutes Ellapsed
0.9 Minutes Ellapsed
0.9 Minutes Ellapsed
0.9 Minutes Ellapsed
0.9 Minutes Ellapsed
0.9 Minutes Ellapsed
0.9 Minutes Ellapsed
0.9 Minutes Ellapsed
0.9 Minutes Ellapsed
>> >> >> >> >> >> >> >> >> >> >> >> >> >> >> >> >> >> >> >> >> >> >> >> >> >> >> >> >> >> >> >> >> >> >> >> >> >> >> >> >> >> >> >> >> >> >> >> >> >> >> 